<?xml version="1.0" encoding="UTF-8"?>
<testsuite name="Poker.Test_Poker" tests="1" skipped="0" failures="0" errors="0" timestamp="2018-02-01T03:57:46" hostname="Yihangs-MacBook-Air-3.local" time="0.005">
  <properties/>
  <testcase name="test" classname="Poker.Test_Poker" time="0.005"/>
  <system-out><![CDATA[]]></system-out>
  <system-err><![CDATA[]]></system-err>
</testsuite>
